Using pre-set license
Built from '2020.3/release' branch; Version is '2020.3.31f1 (6b54b7616050) revision 7034039'; Using compiler version '192528614'; Build Type 'Release'
OS: 'Windows 10  (10.0.19043) 64bit Core' Language: 'en' Physical Memory: 16252 MB
BatchMode: 1, IsHumanControllingUs: 0, StartBugReporterOnCrash: 0, Is64bit: 1, IsPro: 0

COMMAND LINE ARGUMENTS:
C:\Program Files\Unity\Hub\Editor\2020.3.31f1\Editor\Unity.exe
-adb2
-batchMode
-noUpm
-name
AssetImportWorker0
-projectPath
D:/Users/Public/Downloads/Fun Projects/Game Dev/Der Bear Defense
-logFile
Logs/AssetImportWorker0.log
-srvPort
53105
Successfully changed project path to: D:/Users/Public/Downloads/Fun Projects/Game Dev/Der Bear Defense
D:/Users/Public/Downloads/Fun Projects/Game Dev/Der Bear Defense
Using Asset Import Pipeline V2.
Refreshing native plugins compatible for Editor in 42.54 ms, found 2 plugins.
Preloading 0 native plugins for Editor in 0.00 ms.
Initialize engine version: 2020.3.31f1 (6b54b7616050)
[Subsystems] Discovering subsystems at path C:/Program Files/Unity/Hub/Editor/2020.3.31f1/Editor/Data/Resources/UnitySubsystems
[Subsystems] Discovering subsystems at path D:/Users/Public/Downloads/Fun Projects/Game Dev/Der Bear Defense/Assets
GfxDevice: creating device client; threaded=0
Direct3D:
    Version:  Direct3D 11.0 [level 11.1]
    Renderer: NVIDIA GeForce GTX 1060 6GB (ID=0x1c03)
    Vendor:   
    VRAM:     6052 MB
    Driver:   30.0.15.1165
Initialize mono
Mono path[0] = 'C:/Program Files/Unity/Hub/Editor/2020.3.31f1/Editor/Data/Managed'
Mono path[1] = 'C:/Program Files/Unity/Hub/Editor/2020.3.31f1/Editor/Data/MonoBleedingEdge/lib/mono/unityjit'
Mono config path = 'C:/Program Files/Unity/Hub/Editor/2020.3.31f1/Editor/Data/MonoBleedingEdge/etc'
Using monoOptions --debugger-agent=transport=dt_socket,embedding=1,server=y,suspend=n,address=127.0.0.1:56948
Begin MonoManager ReloadAssembly
Registering precompiled unity dll's ...
Register platform support module: C:/Program Files/Unity/Hub/Editor/2020.3.31f1/Editor/Data/PlaybackEngines/WindowsStandaloneSupport/UnityEditor.WindowsStandalone.Extensions.dll
Registered in 0.002576 seconds.
Native extension for WindowsStandalone target not found
Refreshing native plugins compatible for Editor in 38.33 ms, found 2 plugins.
Preloading 0 native plugins for Editor in 0.00 ms.
Mono: successfully reloaded assembly
- Completed reload, in  0.724 seconds
Domain Reload Profiling:
	ReloadAssembly (725ms)
		BeginReloadAssembly (79ms)
			ExecutionOrderSort (0ms)
			DisableScriptedObjects (0ms)
			BackupInstance (0ms)
			ReleaseScriptingObjects (0ms)
			CreateAndSetChildDomain (1ms)
		EndReloadAssembly (556ms)
			LoadAssemblies (76ms)
			RebuildTransferFunctionScriptingTraits (0ms)
			SetupTypeCache (178ms)
			ReleaseScriptCaches (0ms)
			RebuildScriptCaches (36ms)
			SetupLoadedEditorAssemblies (208ms)
				LogAssemblyErrors (0ms)
				InitializePlatformSupportModulesInManaged (6ms)
				SetLoadedEditorAssemblies (0ms)
				RefreshPlugins (38ms)
				BeforeProcessingInitializeOnLoad (15ms)
				ProcessInitializeOnLoadAttributes (100ms)
				ProcessInitializeOnLoadMethodAttributes (48ms)
				AfterProcessingInitializeOnLoad (0ms)
				EditorAssembliesLoaded (0ms)
			ExecutionOrderSort2 (0ms)
			AwakeInstancesAfterBackupRestoration (0ms)
Platform modules already initialized, skipping
Registering precompiled user dll's ...
Registered in 0.003218 seconds.
Begin MonoManager ReloadAssembly
Native extension for WindowsStandalone target not found
Refreshing native plugins compatible for Editor in 0.38 ms, found 2 plugins.
Preloading 0 native plugins for Editor in 0.00 ms.
Mono: successfully reloaded assembly
- Completed reload, in  1.258 seconds
Domain Reload Profiling:
	ReloadAssembly (1259ms)
		BeginReloadAssembly (209ms)
			ExecutionOrderSort (0ms)
			DisableScriptedObjects (6ms)
			BackupInstance (0ms)
			ReleaseScriptingObjects (0ms)
			CreateAndSetChildDomain (25ms)
		EndReloadAssembly (971ms)
			LoadAssemblies (136ms)
			RebuildTransferFunctionScriptingTraits (0ms)
			SetupTypeCache (333ms)
			ReleaseScriptCaches (0ms)
			RebuildScriptCaches (53ms)
			SetupLoadedEditorAssemblies (364ms)
				LogAssemblyErrors (0ms)
				InitializePlatformSupportModulesInManaged (5ms)
				SetLoadedEditorAssemblies (1ms)
				RefreshPlugins (0ms)
				BeforeProcessingInitializeOnLoad (105ms)
				ProcessInitializeOnLoadAttributes (233ms)
				ProcessInitializeOnLoadMethodAttributes (11ms)
				AfterProcessingInitializeOnLoad (8ms)
				EditorAssembliesLoaded (0ms)
			ExecutionOrderSort2 (0ms)
			AwakeInstancesAfterBackupRestoration (8ms)
Platform modules already initialized, skipping
========================================================================
Worker process is ready to serve import requests
Launched and connected shader compiler UnityShaderCompiler.exe after 0.12 seconds
Refreshing native plugins compatible for Editor in 0.48 ms, found 2 plugins.
Preloading 0 native plugins for Editor in 0.00 ms.
Unloading 1604 Unused Serialized files (Serialized files now loaded: 0)
System memory in use before: 86.9 MB.
System memory in use after: 87.0 MB.

Unloading 15 unused Assets to reduce memory usage. Loaded Objects now: 2064.
Total: 7.638400 ms (FindLiveObjects: 0.139300 ms CreateObjectMapping: 0.085000 ms MarkObjects: 7.366200 ms  DeleteObjects: 0.047100 ms)

AssetImportParameters requested are different than current active one (requested -> active):
  custom:framework-win-MediaFoundation: 216162199b28c13a410421893ffa2e32 -> 
  custom:video-decoder-ogg-theora: a1e56fd34408186e4bbccfd4996cb3dc -> 
  custom:container-muxer-webm: aa71ff27fc2769a1b78a27578f13a17b -> 
  custom:container-demuxer-webm: 4f35f7cbe854078d1ac9338744f61a02 -> 
  custom:container-demuxer-ogg: 62fdf1f143b41e24485cea50d1cbac27 -> 
  custom:video-encoder-webm-vp8: eb34c28f22e8b96e1ab97ce403110664 -> 
  custom:video-decoder-webm-vp8: 9c59270c3fd7afecdb556c50c9e8de78 -> 
  custom:audio-decoder-ogg-vorbis: bf7c407c2cedff20999df2af8eb42d56 -> 
  custom:audio-encoder-webm-vorbis: bf7c407c2cedff20999df2af8eb42d56 -> 
========================================================================
Received Import Request.
  path: Assets/Resources/Towers/RandomTower/TeslaTowerModel/source
  artifactKey: Guid(8383dd4b987c6604c92f31f17c8b54df) Importer(815301076,1909f56bfc062723c751e8b465ee728b)
Start importing Assets/Resources/Towers/RandomTower/TeslaTowerModel/source using Guid(8383dd4b987c6604c92f31f17c8b54df) Importer(815301076,1909f56bfc062723c751e8b465ee728b)  -> (artifact id: 'd65a2810b5845981490a920e2ecb118b') in 0.011921 seconds 
========================================================================
Received Import Request.
  Time since last request: 0.000306 seconds.
  path: Assets/Resources/Towers/RandomTower/TeslaTowerModel/source/Ancient Tesla
  artifactKey: Guid(d4180536227d6d143b347653113138b3) Importer(815301076,1909f56bfc062723c751e8b465ee728b)
Start importing Assets/Resources/Towers/RandomTower/TeslaTowerModel/source/Ancient Tesla using Guid(d4180536227d6d143b347653113138b3) Importer(815301076,1909f56bfc062723c751e8b465ee728b)  -> (artifact id: '4d15f6af7a6234a1074ace155b9d59f5') in 0.013101 seconds 
========================================================================
Received Import Request.
  Time since last request: 0.000295 seconds.
  path: Assets/Resources/Towers/RandomTower/TeslaTowerModel
  artifactKey: Guid(b09e70855df293740b0225eeb64176ab) Importer(815301076,1909f56bfc062723c751e8b465ee728b)
Start importing Assets/Resources/Towers/RandomTower/TeslaTowerModel using Guid(b09e70855df293740b0225eeb64176ab) Importer(815301076,1909f56bfc062723c751e8b465ee728b)  -> (artifact id: '083976becffb9de9ee60a9ef033f24e8') in 0.013627 seconds 
========================================================================
Received Import Request.
  Time since last request: 37.768905 seconds.
  path: Assets/Resources/Towers/RandomTower/TeslaTowerModel/source/Ancient Tesla/Ancient Tesla.obj
  artifactKey: Guid(7ca13c7822160b54d8f15e577c48c2a3) Importer(815301076,1909f56bfc062723c751e8b465ee728b)
Start importing Assets/Resources/Towers/RandomTower/TeslaTowerModel/source/Ancient Tesla/Ancient Tesla.obj using Guid(7ca13c7822160b54d8f15e577c48c2a3) Importer(815301076,1909f56bfc062723c751e8b465ee728b)  -> (artifact id: 'e1a9598e2ea6ceea9ec39f0d84067c65') in 0.293119 seconds 
========================================================================
Received Import Request.
  Time since last request: 10.965578 seconds.
  path: Assets/Resources/Towers/RandomTower/TeslaTowerModel/source/Ancient Tesla/Ancient Tesla.obj
  artifactKey: Guid(7ca13c7822160b54d8f15e577c48c2a3) Importer(815301076,1909f56bfc062723c751e8b465ee728b)
Start importing Assets/Resources/Towers/RandomTower/TeslaTowerModel/source/Ancient Tesla/Ancient Tesla.obj using Guid(7ca13c7822160b54d8f15e577c48c2a3) Importer(815301076,1909f56bfc062723c751e8b465ee728b)  -> (artifact id: '7f08c66b571f9b097044d2d4ab94821e') in 0.072446 seconds 
========================================================================
Received Import Request.
  Time since last request: 10.579882 seconds.
  path: Assets/Resources/Towers/RandomTower/TeslaTowerModel/textures/particle_lightningflip.png
  artifactKey: Guid(089286aedb53c9d47a8cfdf73a662d6a) Importer(815301076,1909f56bfc062723c751e8b465ee728b)
Start importing Assets/Resources/Towers/RandomTower/TeslaTowerModel/textures/particle_lightningflip.png using Guid(089286aedb53c9d47a8cfdf73a662d6a) Importer(815301076,1909f56bfc062723c751e8b465ee728b)  -> (artifact id: '12466067ed2021f140dd5f71bb143858') in 0.043906 seconds 
========================================================================
Received Import Request.
  Time since last request: 0.710241 seconds.
  path: Assets/Resources/Towers/RandomTower/TeslaTowerModel/textures/Tesla_Tower_Face.png
  artifactKey: Guid(2c1011e961fcacf419968127a46b6545) Importer(815301076,1909f56bfc062723c751e8b465ee728b)
Start importing Assets/Resources/Towers/RandomTower/TeslaTowerModel/textures/Tesla_Tower_Face.png using Guid(2c1011e961fcacf419968127a46b6545) Importer(815301076,1909f56bfc062723c751e8b465ee728b)  -> (artifact id: 'b827e468aad66c7f7a7d05011192b7ed') in 0.022478 seconds 
========================================================================
Received Import Request.
  Time since last request: 247.392267 seconds.
  path: Assets/Resources/Towers/MagicTower/TeslaTowerModel.fbx
  artifactKey: Guid(a6d1d19ca42d2394ab73efb26fb5eaf2) Importer(815301076,1909f56bfc062723c751e8b465ee728b)
Start importing Assets/Resources/Towers/MagicTower/TeslaTowerModel.fbx using Guid(a6d1d19ca42d2394ab73efb26fb5eaf2) Importer(815301076,1909f56bfc062723c751e8b465ee728b)  -> (artifact id: '0e726b5453fe17366c6cc9569b497c70') in 0.278101 seconds 
========================================================================
Received Import Request.
  Time since last request: 5.431043 seconds.
  path: Assets/Resources/Towers/MagicTower/TeslaTowerIcon.png
  artifactKey: Guid(53bebcda4d2dd2a4b88b0aa28b3843cb) Importer(815301076,1909f56bfc062723c751e8b465ee728b)
Start importing Assets/Resources/Towers/MagicTower/TeslaTowerIcon.png using Guid(53bebcda4d2dd2a4b88b0aa28b3843cb) Importer(815301076,1909f56bfc062723c751e8b465ee728b)  -> (artifact id: '85640a09de3b7dd64d702a92de75547a') in 0.049436 seconds 
========================================================================
Received Import Request.
  Time since last request: 29.742967 seconds.
  path: Assets/Resources/Towers/MagicTower/TeslaTowerModel.fbx
  artifactKey: Guid(a6d1d19ca42d2394ab73efb26fb5eaf2) Importer(815301076,1909f56bfc062723c751e8b465ee728b)
Start importing Assets/Resources/Towers/MagicTower/TeslaTowerModel.fbx using Guid(a6d1d19ca42d2394ab73efb26fb5eaf2) Importer(815301076,1909f56bfc062723c751e8b465ee728b)  -> (artifact id: '0676664a1bc1e2ba9942150c2d082415') in 0.196102 seconds 
========================================================================
Received Import Request.
  Time since last request: 134.850083 seconds.
  path: Assets/Resources/Towers/MagicTower/TeslaTowerModel.prefab
  artifactKey: Guid(825701b5e6b9abe468eb78252cb05a47) Importer(815301076,1909f56bfc062723c751e8b465ee728b)
Start importing Assets/Resources/Towers/MagicTower/TeslaTowerModel.prefab using Guid(825701b5e6b9abe468eb78252cb05a47) Importer(815301076,1909f56bfc062723c751e8b465ee728b)  -> (artifact id: 'bed0e1f17a4d64a2ac680673691c1950') in 0.049794 seconds 
========================================================================
Received Import Request.
  Time since last request: 1.791952 seconds.
  path: Assets/Resources/Towers/MagicTower/RainProjectile.prefab
  artifactKey: Guid(1a05ee8b6177d7345a19494359f40ea6) Importer(815301076,1909f56bfc062723c751e8b465ee728b)
Start importing Assets/Resources/Towers/MagicTower/RainProjectile.prefab using Guid(1a05ee8b6177d7345a19494359f40ea6) Importer(815301076,1909f56bfc062723c751e8b465ee728b)  -> (artifact id: '3a2b0e47cded60abe41639ed6178460b') in 0.045679 seconds 
========================================================================
Received Import Request.
  Time since last request: 230.040583 seconds.
  path: Assets/Resources/Towers/MagicTower/TeslaTowerModel.fbx
  artifactKey: Guid(a6d1d19ca42d2394ab73efb26fb5eaf2) Importer(815301076,1909f56bfc062723c751e8b465ee728b)
Start importing Assets/Resources/Towers/MagicTower/TeslaTowerModel.fbx using Guid(a6d1d19ca42d2394ab73efb26fb5eaf2) Importer(815301076,1909f56bfc062723c751e8b465ee728b)  -> (artifact id: '42b6c41d6d4a2735112866249d65215f') in 0.240833 seconds 
========================================================================
Received Import Request.
  Time since last request: 0.593038 seconds.
  path: Assets/Resources/Towers/MagicTower/TeslaTower.asset
  artifactKey: Guid(4c033fbc455ec57469267b9eace63704) Importer(815301076,1909f56bfc062723c751e8b465ee728b)
Start importing Assets/Resources/Towers/MagicTower/TeslaTower.asset using Guid(4c033fbc455ec57469267b9eace63704) Importer(815301076,1909f56bfc062723c751e8b465ee728b)  -> (artifact id: '56d8e261872eb851f9f2277ff4a544a3') in 0.053215 seconds 
========================================================================
Received Import Request.
  Time since last request: 66.517971 seconds.
  path: Assets/Resources/Towers/BasicTower/BasicTower.asset
  artifactKey: Guid(67e5a8f8d56103c4b8ce0f66a4ac2f94) Importer(815301076,1909f56bfc062723c751e8b465ee728b)
Start importing Assets/Resources/Towers/BasicTower/BasicTower.asset using Guid(67e5a8f8d56103c4b8ce0f66a4ac2f94) Importer(815301076,1909f56bfc062723c751e8b465ee728b)  -> (artifact id: '76a908c5a40b632d5f9d6a123cc33e6b') in 0.473736 seconds 
========================================================================
Received Prepare
Registering precompiled user dll's ...
Registered in 0.003554 seconds.
Begin MonoManager ReloadAssembly
Native extension for WindowsStandalone target not found
Refreshing native plugins compatible for Editor in 0.38 ms, found 2 plugins.
Preloading 0 native plugins for Editor in 0.00 ms.
Mono: successfully reloaded assembly
- Completed reload, in  1.091 seconds
Domain Reload Profiling:
	ReloadAssembly (1092ms)
		BeginReloadAssembly (132ms)
			ExecutionOrderSort (0ms)
			DisableScriptedObjects (5ms)
			BackupInstance (0ms)
			ReleaseScriptingObjects (0ms)
			CreateAndSetChildDomain (39ms)
		EndReloadAssembly (888ms)
			LoadAssemblies (112ms)
			RebuildTransferFunctionScriptingTraits (0ms)
			SetupTypeCache (311ms)
			ReleaseScriptCaches (1ms)
			RebuildScriptCaches (43ms)
			SetupLoadedEditorAssemblies (328ms)
				LogAssemblyErrors (0ms)
				InitializePlatformSupportModulesInManaged (5ms)
				SetLoadedEditorAssemblies (1ms)
				RefreshPlugins (1ms)
				BeforeProcessingInitializeOnLoad (99ms)
				ProcessInitializeOnLoadAttributes (203ms)
				ProcessInitializeOnLoadMethodAttributes (10ms)
				AfterProcessingInitializeOnLoad (10ms)
				EditorAssembliesLoaded (0ms)
			ExecutionOrderSort2 (0ms)
			AwakeInstancesAfterBackupRestoration (7ms)
Platform modules already initialized, skipping
Refreshing native plugins compatible for Editor in 0.45 ms, found 2 plugins.
Preloading 0 native plugins for Editor in 0.00 ms.
Unloading 1585 Unused Serialized files (Serialized files now loaded: 0)
System memory in use before: 92.5 MB.
System memory in use after: 92.7 MB.

Unloading 11 unused Assets to reduce memory usage. Loaded Objects now: 2115.
Total: 2.837300 ms (FindLiveObjects: 0.168300 ms CreateObjectMapping: 0.117200 ms MarkObjects: 2.505100 ms  DeleteObjects: 0.045700 ms)

AssetImportParameters requested are different than current active one (requested -> active):
  custom:framework-win-MediaFoundation: 216162199b28c13a410421893ffa2e32 -> 
  custom:video-decoder-ogg-theora: a1e56fd34408186e4bbccfd4996cb3dc -> 
  custom:container-muxer-webm: aa71ff27fc2769a1b78a27578f13a17b -> 
  custom:container-demuxer-webm: 4f35f7cbe854078d1ac9338744f61a02 -> 
  custom:container-demuxer-ogg: 62fdf1f143b41e24485cea50d1cbac27 -> 
  custom:video-encoder-webm-vp8: eb34c28f22e8b96e1ab97ce403110664 -> 
  custom:video-decoder-webm-vp8: 9c59270c3fd7afecdb556c50c9e8de78 -> 
  custom:audio-decoder-ogg-vorbis: bf7c407c2cedff20999df2af8eb42d56 -> 
  custom:audio-encoder-webm-vorbis: bf7c407c2cedff20999df2af8eb42d56 -> 
========================================================================
Received Import Request.
  Time since last request: 11.035958 seconds.
  path: Assets/Resources/Towers/BasicTower/BasicTowerModel.prefab
  artifactKey: Guid(114c580688f28a7429bbbb371883d8b2) Importer(815301076,1909f56bfc062723c751e8b465ee728b)
Start importing Assets/Resources/Towers/BasicTower/BasicTowerModel.prefab using Guid(114c580688f28a7429bbbb371883d8b2) Importer(815301076,1909f56bfc062723c751e8b465ee728b)  -> (artifact id: '403df3d0b6bdeb2d625a01e45ce97746') in 0.121992 seconds 
========================================================================
Received Import Request.
  Time since last request: 0.984679 seconds.
  path: Assets/Resources/Towers/BasicTower/BasicTowerModel.prefab
  artifactKey: Guid(114c580688f28a7429bbbb371883d8b2) Importer(815301076,1909f56bfc062723c751e8b465ee728b)
Start importing Assets/Resources/Towers/BasicTower/BasicTowerModel.prefab using Guid(114c580688f28a7429bbbb371883d8b2) Importer(815301076,1909f56bfc062723c751e8b465ee728b)  -> (artifact id: 'c30bf8ae24d1ade97cb94486b10bcca5') in 0.030791 seconds 
========================================================================
Received Import Request.
  Time since last request: 1.758744 seconds.
  path: Assets/Resources/Towers/BasicTower/BasicTowerModel.prefab
  artifactKey: Guid(114c580688f28a7429bbbb371883d8b2) Importer(815301076,1909f56bfc062723c751e8b465ee728b)
Start importing Assets/Resources/Towers/BasicTower/BasicTowerModel.prefab using Guid(114c580688f28a7429bbbb371883d8b2) Importer(815301076,1909f56bfc062723c751e8b465ee728b)  -> (artifact id: 'b09dd1729afc20653a378400e3f25079') in 0.031221 seconds 
========================================================================
Received Import Request.
  Time since last request: 46.869087 seconds.
  path: Assets/Resources/Towers/MagicTower/LightningWaveProjectile.prefab
  artifactKey: Guid(23e70035a4b63f742b2e5788f47d7b66) Importer(815301076,1909f56bfc062723c751e8b465ee728b)
Start importing Assets/Resources/Towers/MagicTower/LightningWaveProjectile.prefab using Guid(23e70035a4b63f742b2e5788f47d7b66) Importer(815301076,1909f56bfc062723c751e8b465ee728b)  -> (artifact id: 'c9d44ba971d5e4a4141b2da639d0147d') in 0.015193 seconds 
========================================================================
Received Import Request.
  Time since last request: 2.530284 seconds.
  path: Assets/Resources/Towers/MagicTower/LightningBolt.prefab
  artifactKey: Guid(2f61fec9a8102814bb876fb41327fb73) Importer(815301076,1909f56bfc062723c751e8b465ee728b)
Start importing Assets/Resources/Towers/MagicTower/LightningBolt.prefab using Guid(2f61fec9a8102814bb876fb41327fb73) Importer(815301076,1909f56bfc062723c751e8b465ee728b)  -> (artifact id: '8778163c660db02ba80626d78819965d') in 0.051274 seconds 
========================================================================
Received Import Request.
  Time since last request: 4.200879 seconds.
  path: Assets/Resources/Towers/MagicTower/GravityTowerIndicator.prefab
  artifactKey: Guid(f691cf735f3da81428a657a2c404933f) Importer(815301076,1909f56bfc062723c751e8b465ee728b)
Start importing Assets/Resources/Towers/MagicTower/GravityTowerIndicator.prefab using Guid(f691cf735f3da81428a657a2c404933f) Importer(815301076,1909f56bfc062723c751e8b465ee728b)  -> (artifact id: '61b91d402236ba4622f7e3c2982e17b8') in 0.018984 seconds 
========================================================================
Received Import Request.
  Time since last request: 5.723149 seconds.
  path: Assets/Resources/Towers/MagicTower/AcidRainProjectile.prefab
  artifactKey: Guid(b232c3246ee0a9e42a23e2b85f735ce2) Importer(815301076,1909f56bfc062723c751e8b465ee728b)
Start importing Assets/Resources/Towers/MagicTower/AcidRainProjectile.prefab using Guid(b232c3246ee0a9e42a23e2b85f735ce2) Importer(815301076,1909f56bfc062723c751e8b465ee728b)  -> (artifact id: '785da385f5d755bc8fefdd6ef576e3ce') in 0.038865 seconds 
========================================================================
Received Prepare
Registering precompiled user dll's ...
Registered in 0.004534 seconds.
Begin MonoManager ReloadAssembly
Native extension for WindowsStandalone target not found
Refreshing native plugins compatible for Editor in 0.38 ms, found 2 plugins.
Preloading 0 native plugins for Editor in 0.00 ms.
Mono: successfully reloaded assembly
- Completed reload, in  1.103 seconds
Domain Reload Profiling:
	ReloadAssembly (1104ms)
		BeginReloadAssembly (139ms)
			ExecutionOrderSort (0ms)
			DisableScriptedObjects (5ms)
			BackupInstance (0ms)
			ReleaseScriptingObjects (0ms)
			CreateAndSetChildDomain (40ms)
		EndReloadAssembly (894ms)
			LoadAssemblies (122ms)
			RebuildTransferFunctionScriptingTraits (0ms)
			SetupTypeCache (319ms)
			ReleaseScriptCaches (1ms)
			RebuildScriptCaches (44ms)
			SetupLoadedEditorAssemblies (321ms)
				LogAssemblyErrors (0ms)
				InitializePlatformSupportModulesInManaged (6ms)
				SetLoadedEditorAssemblies (1ms)
				RefreshPlugins (0ms)
				BeforeProcessingInitializeOnLoad (97ms)
				ProcessInitializeOnLoadAttributes (196ms)
				ProcessInitializeOnLoadMethodAttributes (10ms)
				AfterProcessingInitializeOnLoad (10ms)
				EditorAssembliesLoaded (0ms)
			ExecutionOrderSort2 (0ms)
			AwakeInstancesAfterBackupRestoration (7ms)
Platform modules already initialized, skipping
Refreshing native plugins compatible for Editor in 0.38 ms, found 2 plugins.
Preloading 0 native plugins for Editor in 0.00 ms.
Unloading 1585 Unused Serialized files (Serialized files now loaded: 0)
System memory in use before: 106.2 MB.
System memory in use after: 106.3 MB.

Unloading 11 unused Assets to reduce memory usage. Loaded Objects now: 2120.
Total: 2.998300 ms (FindLiveObjects: 0.149100 ms CreateObjectMapping: 0.062000 ms MarkObjects: 2.767000 ms  DeleteObjects: 0.019400 ms)

AssetImportParameters requested are different than current active one (requested -> active):
  custom:framework-win-MediaFoundation: 216162199b28c13a410421893ffa2e32 -> 
  custom:video-decoder-ogg-theora: a1e56fd34408186e4bbccfd4996cb3dc -> 
  custom:container-muxer-webm: aa71ff27fc2769a1b78a27578f13a17b -> 
  custom:container-demuxer-webm: 4f35f7cbe854078d1ac9338744f61a02 -> 
  custom:container-demuxer-ogg: 62fdf1f143b41e24485cea50d1cbac27 -> 
  custom:video-encoder-webm-vp8: eb34c28f22e8b96e1ab97ce403110664 -> 
  custom:video-decoder-webm-vp8: 9c59270c3fd7afecdb556c50c9e8de78 -> 
  custom:audio-decoder-ogg-vorbis: bf7c407c2cedff20999df2af8eb42d56 -> 
  custom:audio-encoder-webm-vorbis: bf7c407c2cedff20999df2af8eb42d56 -> 
========================================================================
Received Prepare
Registering precompiled user dll's ...
Registered in 0.002996 seconds.
Begin MonoManager ReloadAssembly
Native extension for WindowsStandalone target not found
Refreshing native plugins compatible for Editor in 0.40 ms, found 2 plugins.
Preloading 0 native plugins for Editor in 0.00 ms.
Mono: successfully reloaded assembly
- Completed reload, in  1.100 seconds
Domain Reload Profiling:
	ReloadAssembly (1101ms)
		BeginReloadAssembly (131ms)
			ExecutionOrderSort (0ms)
			DisableScriptedObjects (6ms)
			BackupInstance (0ms)
			ReleaseScriptingObjects (0ms)
			CreateAndSetChildDomain (35ms)
		EndReloadAssembly (896ms)
			LoadAssemblies (112ms)
			RebuildTransferFunctionScriptingTraits (0ms)
			SetupTypeCache (313ms)
			ReleaseScriptCaches (1ms)
			RebuildScriptCaches (43ms)
			SetupLoadedEditorAssemblies (327ms)
				LogAssemblyErrors (0ms)
				InitializePlatformSupportModulesInManaged (5ms)
				SetLoadedEditorAssemblies (1ms)
				RefreshPlugins (0ms)
				BeforeProcessingInitializeOnLoad (97ms)
				ProcessInitializeOnLoadAttributes (202ms)
				ProcessInitializeOnLoadMethodAttributes (12ms)
				AfterProcessingInitializeOnLoad (9ms)
				EditorAssembliesLoaded (0ms)
			ExecutionOrderSort2 (0ms)
			AwakeInstancesAfterBackupRestoration (7ms)
Platform modules already initialized, skipping
Refreshing native plugins compatible for Editor in 0.40 ms, found 2 plugins.
Preloading 0 native plugins for Editor in 0.00 ms.
Unloading 1585 Unused Serialized files (Serialized files now loaded: 0)
System memory in use before: 106.2 MB.
System memory in use after: 106.3 MB.

Unloading 11 unused Assets to reduce memory usage. Loaded Objects now: 2123.
Total: 2.789700 ms (FindLiveObjects: 0.142800 ms CreateObjectMapping: 0.058400 ms MarkObjects: 2.551600 ms  DeleteObjects: 0.036200 ms)

AssetImportParameters requested are different than current active one (requested -> active):
  custom:framework-win-MediaFoundation: 216162199b28c13a410421893ffa2e32 -> 
  custom:video-decoder-ogg-theora: a1e56fd34408186e4bbccfd4996cb3dc -> 
  custom:container-muxer-webm: aa71ff27fc2769a1b78a27578f13a17b -> 
  custom:container-demuxer-webm: 4f35f7cbe854078d1ac9338744f61a02 -> 
  custom:container-demuxer-ogg: 62fdf1f143b41e24485cea50d1cbac27 -> 
  custom:video-encoder-webm-vp8: eb34c28f22e8b96e1ab97ce403110664 -> 
  custom:video-decoder-webm-vp8: 9c59270c3fd7afecdb556c50c9e8de78 -> 
  custom:audio-decoder-ogg-vorbis: bf7c407c2cedff20999df2af8eb42d56 -> 
  custom:audio-encoder-webm-vorbis: bf7c407c2cedff20999df2af8eb42d56 -> 
========================================================================
Received Prepare
Registering precompiled user dll's ...
Registered in 0.003269 seconds.
Begin MonoManager ReloadAssembly
Native extension for WindowsStandalone target not found
Refreshing native plugins compatible for Editor in 0.40 ms, found 2 plugins.
Preloading 0 native plugins for Editor in 0.00 ms.
Mono: successfully reloaded assembly
- Completed reload, in  1.196 seconds
Domain Reload Profiling:
	ReloadAssembly (1197ms)
		BeginReloadAssembly (167ms)
			ExecutionOrderSort (0ms)
			DisableScriptedObjects (6ms)
			BackupInstance (0ms)
			ReleaseScriptingObjects (0ms)
			CreateAndSetChildDomain (65ms)
		EndReloadAssembly (956ms)
			LoadAssemblies (110ms)
			RebuildTransferFunctionScriptingTraits (0ms)
			SetupTypeCache (338ms)
			ReleaseScriptCaches (1ms)
			RebuildScriptCaches (43ms)
			SetupLoadedEditorAssemblies (350ms)
				LogAssemblyErrors (0ms)
				InitializePlatformSupportModulesInManaged (6ms)
				SetLoadedEditorAssemblies (1ms)
				RefreshPlugins (0ms)
				BeforeProcessingInitializeOnLoad (116ms)
				ProcessInitializeOnLoadAttributes (206ms)
				ProcessInitializeOnLoadMethodAttributes (11ms)
				AfterProcessingInitializeOnLoad (10ms)
				EditorAssembliesLoaded (0ms)
			ExecutionOrderSort2 (0ms)
			AwakeInstancesAfterBackupRestoration (7ms)
Platform modules already initialized, skipping
Refreshing native plugins compatible for Editor in 0.40 ms, found 2 plugins.
Preloading 0 native plugins for Editor in 0.00 ms.
Unloading 1585 Unused Serialized files (Serialized files now loaded: 0)
System memory in use before: 106.2 MB.
System memory in use after: 106.3 MB.

Unloading 11 unused Assets to reduce memory usage. Loaded Objects now: 2126.
Total: 2.842300 ms (FindLiveObjects: 0.145100 ms CreateObjectMapping: 0.063100 ms MarkObjects: 2.554900 ms  DeleteObjects: 0.078400 ms)

AssetImportParameters requested are different than current active one (requested -> active):
  custom:framework-win-MediaFoundation: 216162199b28c13a410421893ffa2e32 -> 
  custom:video-decoder-ogg-theora: a1e56fd34408186e4bbccfd4996cb3dc -> 
  custom:container-muxer-webm: aa71ff27fc2769a1b78a27578f13a17b -> 
  custom:container-demuxer-webm: 4f35f7cbe854078d1ac9338744f61a02 -> 
  custom:container-demuxer-ogg: 62fdf1f143b41e24485cea50d1cbac27 -> 
  custom:video-encoder-webm-vp8: eb34c28f22e8b96e1ab97ce403110664 -> 
  custom:video-decoder-webm-vp8: 9c59270c3fd7afecdb556c50c9e8de78 -> 
  custom:audio-decoder-ogg-vorbis: bf7c407c2cedff20999df2af8eb42d56 -> 
  custom:audio-encoder-webm-vorbis: bf7c407c2cedff20999df2af8eb42d56 -> 
========================================================================
Received Prepare
Registering precompiled user dll's ...
Registered in 0.007810 seconds.
Begin MonoManager ReloadAssembly
Native extension for WindowsStandalone target not found
Refreshing native plugins compatible for Editor in 0.41 ms, found 2 plugins.
Preloading 0 native plugins for Editor in 0.00 ms.
Mono: successfully reloaded assembly
- Completed reload, in  1.501 seconds
Domain Reload Profiling:
	ReloadAssembly (1501ms)
		BeginReloadAssembly (163ms)
			ExecutionOrderSort (0ms)
			DisableScriptedObjects (7ms)
			BackupInstance (0ms)
			ReleaseScriptingObjects (0ms)
			CreateAndSetChildDomain (40ms)
		EndReloadAssembly (1235ms)
			LoadAssemblies (148ms)
			RebuildTransferFunctionScriptingTraits (0ms)
			SetupTypeCache (459ms)
			ReleaseScriptCaches (1ms)
			RebuildScriptCaches (60ms)
			SetupLoadedEditorAssemblies (438ms)
				LogAssemblyErrors (0ms)
				InitializePlatformSupportModulesInManaged (6ms)
				SetLoadedEditorAssemblies (1ms)
				RefreshPlugins (0ms)
				BeforeProcessingInitializeOnLoad (129ms)
				ProcessInitializeOnLoadAttributes (277ms)
				ProcessInitializeOnLoadMethodAttributes (15ms)
				AfterProcessingInitializeOnLoad (10ms)
				EditorAssembliesLoaded (0ms)
			ExecutionOrderSort2 (0ms)
			AwakeInstancesAfterBackupRestoration (13ms)
Platform modules already initialized, skipping
Refreshing native plugins compatible for Editor in 0.40 ms, found 2 plugins.
Preloading 0 native plugins for Editor in 0.00 ms.
Unloading 1585 Unused Serialized files (Serialized files now loaded: 0)
System memory in use before: 106.2 MB.
System memory in use after: 106.3 MB.

Unloading 11 unused Assets to reduce memory usage. Loaded Objects now: 2129.
Total: 3.295200 ms (FindLiveObjects: 0.146200 ms CreateObjectMapping: 0.063200 ms MarkObjects: 3.061700 ms  DeleteObjects: 0.023100 ms)

AssetImportParameters requested are different than current active one (requested -> active):
  custom:framework-win-MediaFoundation: 216162199b28c13a410421893ffa2e32 -> 
  custom:video-decoder-ogg-theora: a1e56fd34408186e4bbccfd4996cb3dc -> 
  custom:container-muxer-webm: aa71ff27fc2769a1b78a27578f13a17b -> 
  custom:container-demuxer-webm: 4f35f7cbe854078d1ac9338744f61a02 -> 
  custom:container-demuxer-ogg: 62fdf1f143b41e24485cea50d1cbac27 -> 
  custom:video-encoder-webm-vp8: eb34c28f22e8b96e1ab97ce403110664 -> 
  custom:video-decoder-webm-vp8: 9c59270c3fd7afecdb556c50c9e8de78 -> 
  custom:audio-decoder-ogg-vorbis: bf7c407c2cedff20999df2af8eb42d56 -> 
  custom:audio-encoder-webm-vorbis: bf7c407c2cedff20999df2af8eb42d56 -> 
========================================================================
Received Import Request.
  Time since last request: 384.383406 seconds.
  path: Assets/Resources/Towers/RandomTower/free-volcano-low-poly
  artifactKey: Guid(f5913907532b24e4ab193a1ec6993cfd) Importer(815301076,1909f56bfc062723c751e8b465ee728b)
Start importing Assets/Resources/Towers/RandomTower/free-volcano-low-poly using Guid(f5913907532b24e4ab193a1ec6993cfd) Importer(815301076,1909f56bfc062723c751e8b465ee728b)  -> (artifact id: '4a3ed75adc511b241dd27117ca5660be') in 0.008359 seconds 
========================================================================
Received Import Request.
  Time since last request: 11.681947 seconds.
  path: Assets/Resources/Towers/RandomTower/VolcanoTowerModel
  artifactKey: Guid(f5913907532b24e4ab193a1ec6993cfd) Importer(815301076,1909f56bfc062723c751e8b465ee728b)
Start importing Assets/Resources/Towers/RandomTower/VolcanoTowerModel using Guid(f5913907532b24e4ab193a1ec6993cfd) Importer(815301076,1909f56bfc062723c751e8b465ee728b)  -> (artifact id: '65114e9d754df44eaeabf12a28fc0bfe') in 0.010536 seconds 
========================================================================
Received Import Request.
  Time since last request: 1.997260 seconds.
  path: Assets/Resources/Towers/RandomTower/VolcanoTowerModel/source
  artifactKey: Guid(edf05061eeaa00a4ab79cd460b77105f) Importer(815301076,1909f56bfc062723c751e8b465ee728b)
Start importing Assets/Resources/Towers/RandomTower/VolcanoTowerModel/source using Guid(edf05061eeaa00a4ab79cd460b77105f) Importer(815301076,1909f56bfc062723c751e8b465ee728b)  -> (artifact id: '01a57dd451f0ad5bdf920c1900963283') in 0.002834 seconds 
========================================================================
Received Import Request.
  Time since last request: 16.176189 seconds.
  path: Assets/Resources/Towers/RandomTower/VolcanoTowerModel/source/Volcan.blend
  artifactKey: Guid(f2cf2791c622e364b93015996c2bb842) Importer(815301076,1909f56bfc062723c751e8b465ee728b)
Start importing Assets/Resources/Towers/RandomTower/VolcanoTowerModel/source/Volcan.blend using Guid(f2cf2791c622e364b93015996c2bb842) Importer(815301076,1909f56bfc062723c751e8b465ee728b)  -> (artifact id: '75cc6f9333b74a3b9ca9c2d9506b45c4') in 0.232567 seconds 
========================================================================
Received Import Request.
  Time since last request: 8.059169 seconds.
  path: Assets/Resources/Towers/RandomTower/VolcanoTowerModel/source/Volcan.blend
  artifactKey: Guid(f2cf2791c622e364b93015996c2bb842) Importer(815301076,1909f56bfc062723c751e8b465ee728b)
Start importing Assets/Resources/Towers/RandomTower/VolcanoTowerModel/source/Volcan.blend using Guid(f2cf2791c622e364b93015996c2bb842) Importer(815301076,1909f56bfc062723c751e8b465ee728b)  -> (artifact id: '48bfc64527829a748024cca6c8ca189d') in 0.057686 seconds 
========================================================================
Received Import Request.
  Time since last request: 33.187466 seconds.
  path: Assets/Resources/Towers/RandomTower/HurricaneTowerModel/textures
  artifactKey: Guid(401c5b21a4dc18b40bb774a3454bb22f) Importer(815301076,1909f56bfc062723c751e8b465ee728b)
Start importing Assets/Resources/Towers/RandomTower/HurricaneTowerModel/textures using Guid(401c5b21a4dc18b40bb774a3454bb22f) Importer(815301076,1909f56bfc062723c751e8b465ee728b)  -> (artifact id: '929bb9a9c5ad538e504e77f6e7ace39c') in 0.019953 seconds 
========================================================================
Received Import Request.
  Time since last request: 245.275817 seconds.
  path: Assets/Resources/Towers/RandomTower/scene.gltf
  artifactKey: Guid(52f7afb0e9190c84ba004091b4b63c1c) Importer(815301076,1909f56bfc062723c751e8b465ee728b)
Start importing Assets/Resources/Towers/RandomTower/scene.gltf using Guid(52f7afb0e9190c84ba004091b4b63c1c) Importer(815301076,1909f56bfc062723c751e8b465ee728b)  -> (artifact id: '632b3dd5a18f468086689dd3dee36237') in 0.014923 seconds 
========================================================================
Received Import Request.
  Time since last request: 533.710089 seconds.
  path: Assets/Resources/Towers/RandomTower/VolcanoModelTower
  artifactKey: Guid(cb33d6cad3fe9e24092bd62338eb6201) Importer(815301076,1909f56bfc062723c751e8b465ee728b)
Start importing Assets/Resources/Towers/RandomTower/VolcanoModelTower using Guid(cb33d6cad3fe9e24092bd62338eb6201) Importer(815301076,1909f56bfc062723c751e8b465ee728b)  -> (artifact id: '2e0e52c290aae8d16f5f81a3119bd2ba') in 0.011332 seconds 
========================================================================
Received Import Request.
  Time since last request: 1.148293 seconds.
  path: Assets/Resources/Towers/RandomTower/VolcanoModelTower/source
  artifactKey: Guid(bab41a6c8fddff446b973a9759b5f9a1) Importer(815301076,1909f56bfc062723c751e8b465ee728b)
Start importing Assets/Resources/Towers/RandomTower/VolcanoModelTower/source using Guid(bab41a6c8fddff446b973a9759b5f9a1) Importer(815301076,1909f56bfc062723c751e8b465ee728b)  -> (artifact id: '3ccd9483a9c43cc3b5916b1107daf92e') in 0.002662 seconds 
========================================================================
Received Import Request.
  Time since last request: 0.586734 seconds.
  path: Assets/Resources/Towers/RandomTower/VolcanoModelTower/source/Sculpt
  artifactKey: Guid(e1200e05bed37974bb6e6eaa60abb127) Importer(815301076,1909f56bfc062723c751e8b465ee728b)
Start importing Assets/Resources/Towers/RandomTower/VolcanoModelTower/source/Sculpt using Guid(e1200e05bed37974bb6e6eaa60abb127) Importer(815301076,1909f56bfc062723c751e8b465ee728b)  -> (artifact id: '4e52ee1baef21a20d56e2dcac500f585') in 0.007593 seconds 
========================================================================
Received Import Request.
  Time since last request: 5.785481 seconds.
  path: Assets/Resources/Towers/RandomTower/VolcanoModelTower/source/Sculpt/Sculpt.obj
  artifactKey: Guid(679004409c142ed4a954912ca9d75ae1) Importer(815301076,1909f56bfc062723c751e8b465ee728b)
Start importing Assets/Resources/Towers/RandomTower/VolcanoModelTower/source/Sculpt/Sculpt.obj using Guid(679004409c142ed4a954912ca9d75ae1) Importer(815301076,1909f56bfc062723c751e8b465ee728b)  -> (artifact id: 'acdd751941038eb31a5c49ee3a6b3123') in 0.053524 seconds 
========================================================================
Received Import Request.
  Time since last request: 6.803290 seconds.
  path: Assets/Resources/Towers/RandomTower/VolcanoModelTower/source/Sculpt/Sculpt.obj
  artifactKey: Guid(679004409c142ed4a954912ca9d75ae1) Importer(815301076,1909f56bfc062723c751e8b465ee728b)
Start importing Assets/Resources/Towers/RandomTower/VolcanoModelTower/source/Sculpt/Sculpt.obj using Guid(679004409c142ed4a954912ca9d75ae1) Importer(815301076,1909f56bfc062723c751e8b465ee728b)  -> (artifact id: '85cfc7244596cabd2b38325344ed1d0c') in 0.042082 seconds 
========================================================================
Received Import Request.
  Time since last request: 1.895495 seconds.
  path: Assets/Resources/Towers/RandomTower/VolcanoModelTower/source/Sculpt/Material Diffuse Color.png
  artifactKey: Guid(1518267eb7fb20944856604dc84c9cfa) Importer(815301076,1909f56bfc062723c751e8b465ee728b)
Start importing Assets/Resources/Towers/RandomTower/VolcanoModelTower/source/Sculpt/Material Diffuse Color.png using Guid(1518267eb7fb20944856604dc84c9cfa) Importer(815301076,1909f56bfc062723c751e8b465ee728b)  -> (artifact id: 'c4ecca5f489e05ccfc448e9356b7cf10') in 0.020124 seconds 
========================================================================
Received Import Request.
  Time since last request: 47.472935 seconds.
  path: Assets/Resources/Towers/RandomTower/VolcanoModelTower/source/Sculpt/Sculpt.obj
  artifactKey: Guid(679004409c142ed4a954912ca9d75ae1) Importer(815301076,1909f56bfc062723c751e8b465ee728b)
Start importing Assets/Resources/Towers/RandomTower/VolcanoModelTower/source/Sculpt/Sculpt.obj using Guid(679004409c142ed4a954912ca9d75ae1) Importer(815301076,1909f56bfc062723c751e8b465ee728b)  -> (artifact id: '55897ab8f113fe1534a840c8c19a69a4') in 0.094525 seconds 
========================================================================
Received Import Request.
  Time since last request: 5.799023 seconds.
  path: Assets/Resources/Towers/RandomTower/VolcanoModelTower/source/Sculpt/Sculpt.mtl
  artifactKey: Guid(38e4d2823ce355640b426dae9c2a41fc) Importer(815301076,1909f56bfc062723c751e8b465ee728b)
Start importing Assets/Resources/Towers/RandomTower/VolcanoModelTower/source/Sculpt/Sculpt.mtl using Guid(38e4d2823ce355640b426dae9c2a41fc) Importer(815301076,1909f56bfc062723c751e8b465ee728b)  -> (artifact id: '1f63c287dc869ef669cfbddd82f1ed4b') in 0.007658 seconds 
========================================================================
Received Import Request.
  Time since last request: 87.260292 seconds.
  path: Assets/Resources/Towers/RandomTower/Sculpt(Clone).prefab
  artifactKey: Guid(00ad0e441d719ce42b0cb6e699e580da) Importer(815301076,1909f56bfc062723c751e8b465ee728b)
Start importing Assets/Resources/Towers/RandomTower/Sculpt(Clone).prefab using Guid(00ad0e441d719ce42b0cb6e699e580da) Importer(815301076,1909f56bfc062723c751e8b465ee728b)  -> (artifact id: '4a2beaf7dfcd61a71a9b44c3d619addc') in 0.019793 seconds 
========================================================================
Received Import Request.
  Time since last request: 14.179127 seconds.
  path: Assets/Resources/Towers/RandomTower/VolcanoTowerModel.prefab
  artifactKey: Guid(00ad0e441d719ce42b0cb6e699e580da) Importer(815301076,1909f56bfc062723c751e8b465ee728b)
Start importing Assets/Resources/Towers/RandomTower/VolcanoTowerModel.prefab using Guid(00ad0e441d719ce42b0cb6e699e580da) Importer(815301076,1909f56bfc062723c751e8b465ee728b)  -> (artifact id: '345b61495bbd5a0893f53f33a6aca0ec') in 0.015319 seconds 
========================================================================
Received Import Request.
  Time since last request: 10.606079 seconds.
  path: Assets/Resources/Towers/RandomTower/VolcanoTower.asset
  artifactKey: Guid(c8624c1d89665684396e672e06a4d517) Importer(815301076,1909f56bfc062723c751e8b465ee728b)
Start importing Assets/Resources/Towers/RandomTower/VolcanoTower.asset using Guid(c8624c1d89665684396e672e06a4d517) Importer(815301076,1909f56bfc062723c751e8b465ee728b)  -> (artifact id: 'c1ee0cb476190f65850b182d709084f0') in 0.044042 seconds 
========================================================================
Received Prepare
Registering precompiled user dll's ...
Registered in 0.004026 seconds.
Begin MonoManager ReloadAssembly
Native extension for WindowsStandalone target not found
Refreshing native plugins compatible for Editor in 0.38 ms, found 2 plugins.
Preloading 0 native plugins for Editor in 0.00 ms.
Mono: successfully reloaded assembly
- Completed reload, in  1.146 seconds
Domain Reload Profiling:
	ReloadAssembly (1146ms)
		BeginReloadAssembly (133ms)
			ExecutionOrderSort (0ms)
			DisableScriptedObjects (7ms)
			BackupInstance (0ms)
			ReleaseScriptingObjects (0ms)
			CreateAndSetChildDomain (36ms)
		EndReloadAssembly (940ms)
			LoadAssemblies (115ms)
			RebuildTransferFunctionScriptingTraits (0ms)
			SetupTypeCache (315ms)
			ReleaseScriptCaches (1ms)
			RebuildScriptCaches (44ms)
			SetupLoadedEditorAssemblies (371ms)
				LogAssemblyErrors (0ms)
				InitializePlatformSupportModulesInManaged (6ms)
				SetLoadedEditorAssemblies (1ms)
				RefreshPlugins (0ms)
				BeforeProcessingInitializeOnLoad (127ms)
				ProcessInitializeOnLoadAttributes (217ms)
				ProcessInitializeOnLoadMethodAttributes (11ms)
				AfterProcessingInitializeOnLoad (9ms)
				EditorAssembliesLoaded (0ms)
			ExecutionOrderSort2 (0ms)
			AwakeInstancesAfterBackupRestoration (7ms)
Platform modules already initialized, skipping
Refreshing native plugins compatible for Editor in 0.43 ms, found 2 plugins.
Preloading 0 native plugins for Editor in 0.00 ms.
Unloading 1585 Unused Serialized files (Serialized files now loaded: 0)
System memory in use before: 106.3 MB.
System memory in use after: 106.4 MB.

Unloading 11 unused Assets to reduce memory usage. Loaded Objects now: 2133.
Total: 2.972300 ms (FindLiveObjects: 0.151700 ms CreateObjectMapping: 0.064300 ms MarkObjects: 2.697800 ms  DeleteObjects: 0.056900 ms)

AssetImportParameters requested are different than current active one (requested -> active):
  custom:framework-win-MediaFoundation: 216162199b28c13a410421893ffa2e32 -> 
  custom:video-decoder-ogg-theora: a1e56fd34408186e4bbccfd4996cb3dc -> 
  custom:container-muxer-webm: aa71ff27fc2769a1b78a27578f13a17b -> 
  custom:container-demuxer-webm: 4f35f7cbe854078d1ac9338744f61a02 -> 
  custom:container-demuxer-ogg: 62fdf1f143b41e24485cea50d1cbac27 -> 
  custom:video-encoder-webm-vp8: eb34c28f22e8b96e1ab97ce403110664 -> 
  custom:video-decoder-webm-vp8: 9c59270c3fd7afecdb556c50c9e8de78 -> 
  custom:audio-decoder-ogg-vorbis: bf7c407c2cedff20999df2af8eb42d56 -> 
  custom:audio-encoder-webm-vorbis: bf7c407c2cedff20999df2af8eb42d56 -> 
========================================================================
Received Prepare
Registering precompiled user dll's ...
Registered in 0.005199 seconds.
Begin MonoManager ReloadAssembly
Native extension for WindowsStandalone target not found
Refreshing native plugins compatible for Editor in 0.41 ms, found 2 plugins.
Preloading 0 native plugins for Editor in 0.00 ms.
Mono: successfully reloaded assembly
- Completed reload, in  2.809 seconds
Domain Reload Profiling:
	ReloadAssembly (2810ms)
		BeginReloadAssembly (178ms)
			ExecutionOrderSort (0ms)
			DisableScriptedObjects (7ms)
			BackupInstance (0ms)
			ReleaseScriptingObjects (0ms)
			CreateAndSetChildDomain (40ms)
		EndReloadAssembly (2455ms)
			LoadAssemblies (212ms)
			RebuildTransferFunctionScriptingTraits (0ms)
			SetupTypeCache (1011ms)
			ReleaseScriptCaches (1ms)
			RebuildScriptCaches (185ms)
			SetupLoadedEditorAssemblies (734ms)
				LogAssemblyErrors (0ms)
				InitializePlatformSupportModulesInManaged (15ms)
				SetLoadedEditorAssemblies (1ms)
				RefreshPlugins (1ms)
				BeforeProcessingInitializeOnLoad (276ms)
				ProcessInitializeOnLoadAttributes (379ms)
				ProcessInitializeOnLoadMethodAttributes (48ms)
				AfterProcessingInitializeOnLoad (15ms)
				EditorAssembliesLoaded (0ms)
			ExecutionOrderSort2 (0ms)
			AwakeInstancesAfterBackupRestoration (12ms)
Platform modules already initialized, skipping
Refreshing native plugins compatible for Editor in 0.50 ms, found 2 plugins.
Preloading 0 native plugins for Editor in 0.00 ms.
Unloading 1585 Unused Serialized files (Serialized files now loaded: 0)
System memory in use before: 106.3 MB.
System memory in use after: 106.4 MB.

Unloading 11 unused Assets to reduce memory usage. Loaded Objects now: 2136.
Total: 6.579400 ms (FindLiveObjects: 0.161400 ms CreateObjectMapping: 0.236600 ms MarkObjects: 4.813500 ms  DeleteObjects: 1.366300 ms)

AssetImportParameters requested are different than current active one (requested -> active):
  custom:framework-win-MediaFoundation: 216162199b28c13a410421893ffa2e32 -> 
  custom:video-decoder-ogg-theora: a1e56fd34408186e4bbccfd4996cb3dc -> 
  custom:container-muxer-webm: aa71ff27fc2769a1b78a27578f13a17b -> 
  custom:container-demuxer-webm: 4f35f7cbe854078d1ac9338744f61a02 -> 
  custom:container-demuxer-ogg: 62fdf1f143b41e24485cea50d1cbac27 -> 
  custom:video-encoder-webm-vp8: eb34c28f22e8b96e1ab97ce403110664 -> 
  custom:video-decoder-webm-vp8: 9c59270c3fd7afecdb556c50c9e8de78 -> 
  custom:audio-decoder-ogg-vorbis: bf7c407c2cedff20999df2af8eb42d56 -> 
  custom:audio-encoder-webm-vorbis: bf7c407c2cedff20999df2af8eb42d56 -> 
========================================================================
Received Import Request.
  Time since last request: 612.462608 seconds.
  path: Assets/Resources/Towers/RandomTower/GeyserTowerModel
  artifactKey: Guid(ef2f2886c6d478c49b8c1d21ecb79e94) Importer(815301076,1909f56bfc062723c751e8b465ee728b)
Start importing Assets/Resources/Towers/RandomTower/GeyserTowerModel using Guid(ef2f2886c6d478c49b8c1d21ecb79e94) Importer(815301076,1909f56bfc062723c751e8b465ee728b)  -> (artifact id: '4c779fc70d7cb5ef91be89c002a79cfe') in 0.015263 seconds 
========================================================================
Received Import Request.
  Time since last request: 0.748687 seconds.
  path: Assets/Resources/Towers/RandomTower/GeyserTowerModel/source
  artifactKey: Guid(88db8ddb54a6b6644887ef491f4ed1cf) Importer(815301076,1909f56bfc062723c751e8b465ee728b)
Start importing Assets/Resources/Towers/RandomTower/GeyserTowerModel/source using Guid(88db8ddb54a6b6644887ef491f4ed1cf) Importer(815301076,1909f56bfc062723c751e8b465ee728b)  -> (artifact id: 'ef77a50aa860eecf79975c546f9574b4') in 0.004176 seconds 
========================================================================
Received Import Request.
  Time since last request: 0.708906 seconds.
  path: Assets/Resources/Towers/RandomTower/GeyserTowerModel/source/beehive_cropped_decimated
  artifactKey: Guid(41287a24c82586b4cb7545c5b3ee0786) Importer(815301076,1909f56bfc062723c751e8b465ee728b)
Start importing Assets/Resources/Towers/RandomTower/GeyserTowerModel/source/beehive_cropped_decimated using Guid(41287a24c82586b4cb7545c5b3ee0786) Importer(815301076,1909f56bfc062723c751e8b465ee728b)  -> (artifact id: 'da951672d3ea6b61865d9711af36ed29') in 0.009184 seconds 
========================================================================
Received Import Request.
  Time since last request: 0.172044 seconds.
  path: Assets/Resources/Towers/RandomTower/GeyserTowerModel/source/beehive_cropped_decimated/beehive_cropped_decimated.obj
  artifactKey: Guid(d3027e95ff322ba4e837bd6da3821e54) Importer(815301076,1909f56bfc062723c751e8b465ee728b)
Start importing Assets/Resources/Towers/RandomTower/GeyserTowerModel/source/beehive_cropped_decimated/beehive_cropped_decimated.obj using Guid(d3027e95ff322ba4e837bd6da3821e54) Importer(815301076,1909f56bfc062723c751e8b465ee728b)  -> (artifact id: '0f118bd74db375c0f7dbf72ddd0381bc') in 0.206360 seconds 
========================================================================
Received Import Request.
  Time since last request: 113.543521 seconds.
  path: Assets/Resources/Towers/RandomTower/GeyserTowerModel/source/beehive_cropped_decimated/beehive_cropped_decimated.obj
  artifactKey: Guid(d3027e95ff322ba4e837bd6da3821e54) Importer(815301076,1909f56bfc062723c751e8b465ee728b)
Start importing Assets/Resources/Towers/RandomTower/GeyserTowerModel/source/beehive_cropped_decimated/beehive_cropped_decimated.obj using Guid(d3027e95ff322ba4e837bd6da3821e54) Importer(815301076,1909f56bfc062723c751e8b465ee728b)  -> (artifact id: '3e38e8eb007573d4d7697cbd54d6276f') in 0.275222 seconds 
========================================================================
Received Prepare
Registering precompiled user dll's ...
Registered in 0.003186 seconds.
Begin MonoManager ReloadAssembly
Native extension for WindowsStandalone target not found
Refreshing native plugins compatible for Editor in 0.39 ms, found 2 plugins.
Preloading 0 native plugins for Editor in 0.00 ms.
Mono: successfully reloaded assembly
- Completed reload, in  1.072 seconds
Domain Reload Profiling:
	ReloadAssembly (1072ms)
		BeginReloadAssembly (150ms)
			ExecutionOrderSort (0ms)
			DisableScriptedObjects (6ms)
			BackupInstance (0ms)
			ReleaseScriptingObjects (0ms)
			CreateAndSetChildDomain (45ms)
		EndReloadAssembly (854ms)
			LoadAssemblies (119ms)
			RebuildTransferFunctionScriptingTraits (0ms)
			SetupTypeCache (292ms)
			ReleaseScriptCaches (1ms)
			RebuildScriptCaches (42ms)
			SetupLoadedEditorAssemblies (308ms)
				LogAssemblyErrors (0ms)
				InitializePlatformSupportModulesInManaged (5ms)
				SetLoadedEditorAssemblies (1ms)
				RefreshPlugins (0ms)
				BeforeProcessingInitializeOnLoad (91ms)
				ProcessInitializeOnLoadAttributes (191ms)
				ProcessInitializeOnLoadMethodAttributes (10ms)
				AfterProcessingInitializeOnLoad (10ms)
				EditorAssembliesLoaded (0ms)
			ExecutionOrderSort2 (0ms)
			AwakeInstancesAfterBackupRestoration (7ms)
Platform modules already initialized, skipping
Refreshing native plugins compatible for Editor in 0.39 ms, found 2 plugins.
Preloading 0 native plugins for Editor in 0.00 ms.
Unloading 1585 Unused Serialized files (Serialized files now loaded: 0)
System memory in use before: 106.3 MB.
System memory in use after: 106.4 MB.

Unloading 11 unused Assets to reduce memory usage. Loaded Objects now: 2140.
Total: 3.055800 ms (FindLiveObjects: 0.148900 ms CreateObjectMapping: 0.089300 ms MarkObjects: 2.794500 ms  DeleteObjects: 0.022100 ms)

AssetImportParameters requested are different than current active one (requested -> active):
  custom:framework-win-MediaFoundation: 216162199b28c13a410421893ffa2e32 -> 
  custom:video-decoder-ogg-theora: a1e56fd34408186e4bbccfd4996cb3dc -> 
  custom:container-muxer-webm: aa71ff27fc2769a1b78a27578f13a17b -> 
  custom:container-demuxer-webm: 4f35f7cbe854078d1ac9338744f61a02 -> 
  custom:container-demuxer-ogg: 62fdf1f143b41e24485cea50d1cbac27 -> 
  custom:video-encoder-webm-vp8: eb34c28f22e8b96e1ab97ce403110664 -> 
  custom:video-decoder-webm-vp8: 9c59270c3fd7afecdb556c50c9e8de78 -> 
  custom:audio-decoder-ogg-vorbis: bf7c407c2cedff20999df2af8eb42d56 -> 
  custom:audio-encoder-webm-vorbis: bf7c407c2cedff20999df2af8eb42d56 -> 
========================================================================
Received Import Request.
  Time since last request: 229.861879 seconds.
  path: Assets/Resources/Towers/RandomTower/GeyserTowerModel.prefab
  artifactKey: Guid(e5b9bae08ce53fa46ba18efe2a2b0060) Importer(815301076,1909f56bfc062723c751e8b465ee728b)
Start importing Assets/Resources/Towers/RandomTower/GeyserTowerModel.prefab using Guid(e5b9bae08ce53fa46ba18efe2a2b0060) Importer(815301076,1909f56bfc062723c751e8b465ee728b)  -> (artifact id: '97cb3185d5b9db21bb430429a15fa258') in 0.127341 seconds 
========================================================================
Received Import Request.
  Time since last request: 2.111050 seconds.
  path: Assets/Resources/Towers/RandomTower/GeyserTower.asset
  artifactKey: Guid(f618ed9008c96db44ba12239d8304590) Importer(815301076,1909f56bfc062723c751e8b465ee728b)
Start importing Assets/Resources/Towers/RandomTower/GeyserTower.asset using Guid(f618ed9008c96db44ba12239d8304590) Importer(815301076,1909f56bfc062723c751e8b465ee728b)  -> (artifact id: '4de4326a4a61f15237dbca3652800fa1') in 0.023608 seconds 
========================================================================
Received Import Request.
  Time since last request: 9.254942 seconds.
  path: Assets/Resources/Towers/RandomTower/GeyserTowerModel.prefab
  artifactKey: Guid(e5b9bae08ce53fa46ba18efe2a2b0060) Importer(815301076,1909f56bfc062723c751e8b465ee728b)
Start importing Assets/Resources/Towers/RandomTower/GeyserTowerModel.prefab using Guid(e5b9bae08ce53fa46ba18efe2a2b0060) Importer(815301076,1909f56bfc062723c751e8b465ee728b)  -> (artifact id: '9c3dd9c3dfbc8c79269bdcabcfc70203') in 0.054171 seconds 
========================================================================
Received Prepare
Registering precompiled user dll's ...
Registered in 0.003976 seconds.
Begin MonoManager ReloadAssembly
Native extension for WindowsStandalone target not found
Refreshing native plugins compatible for Editor in 0.42 ms, found 2 plugins.
Preloading 0 native plugins for Editor in 0.00 ms.
Mono: successfully reloaded assembly
- Completed reload, in  1.632 seconds
Domain Reload Profiling:
	ReloadAssembly (1632ms)
		BeginReloadAssembly (166ms)
			ExecutionOrderSort (0ms)
			DisableScriptedObjects (8ms)
			BackupInstance (0ms)
			ReleaseScriptingObjects (0ms)
			CreateAndSetChildDomain (45ms)
		EndReloadAssembly (1364ms)
			LoadAssemblies (160ms)
			RebuildTransferFunctionScriptingTraits (0ms)
			SetupTypeCache (482ms)
			ReleaseScriptCaches (1ms)
			RebuildScriptCaches (69ms)
			SetupLoadedEditorAssemblies (488ms)
				LogAssemblyErrors (0ms)
				InitializePlatformSupportModulesInManaged (6ms)
				SetLoadedEditorAssemblies (1ms)
				RefreshPlugins (0ms)
				BeforeProcessingInitializeOnLoad (146ms)
				ProcessInitializeOnLoadAttributes (304ms)
				ProcessInitializeOnLoadMethodAttributes (17ms)
				AfterProcessingInitializeOnLoad (13ms)
				EditorAssembliesLoaded (0ms)
			ExecutionOrderSort2 (0ms)
			AwakeInstancesAfterBackupRestoration (12ms)
Platform modules already initialized, skipping
Refreshing native plugins compatible for Editor in 0.47 ms, found 2 plugins.
Preloading 0 native plugins for Editor in 0.00 ms.
Unloading 1585 Unused Serialized files (Serialized files now loaded: 0)
System memory in use before: 106.3 MB.
System memory in use after: 106.4 MB.

Unloading 11 unused Assets to reduce memory usage. Loaded Objects now: 2144.
Total: 2.686000 ms (FindLiveObjects: 0.150900 ms CreateObjectMapping: 0.058700 ms MarkObjects: 2.453500 ms  DeleteObjects: 0.022000 ms)

AssetImportParameters requested are different than current active one (requested -> active):
  custom:framework-win-MediaFoundation: 216162199b28c13a410421893ffa2e32 -> 
  custom:video-decoder-ogg-theora: a1e56fd34408186e4bbccfd4996cb3dc -> 
  custom:container-muxer-webm: aa71ff27fc2769a1b78a27578f13a17b -> 
  custom:container-demuxer-webm: 4f35f7cbe854078d1ac9338744f61a02 -> 
  custom:container-demuxer-ogg: 62fdf1f143b41e24485cea50d1cbac27 -> 
  custom:video-encoder-webm-vp8: eb34c28f22e8b96e1ab97ce403110664 -> 
  custom:video-decoder-webm-vp8: 9c59270c3fd7afecdb556c50c9e8de78 -> 
  custom:audio-decoder-ogg-vorbis: bf7c407c2cedff20999df2af8eb42d56 -> 
  custom:audio-encoder-webm-vorbis: bf7c407c2cedff20999df2af8eb42d56 -> 
========================================================================
Received Prepare
Registering precompiled user dll's ...
Registered in 0.003445 seconds.
Begin MonoManager ReloadAssembly
Native extension for WindowsStandalone target not found
Refreshing native plugins compatible for Editor in 0.53 ms, found 2 plugins.
Preloading 0 native plugins for Editor in 0.00 ms.
Mono: successfully reloaded assembly
- Completed reload, in  1.481 seconds
Domain Reload Profiling:
	ReloadAssembly (1481ms)
		BeginReloadAssembly (177ms)
			ExecutionOrderSort (0ms)
			DisableScriptedObjects (7ms)
			BackupInstance (0ms)
			ReleaseScriptingObjects (0ms)
			CreateAndSetChildDomain (55ms)
		EndReloadAssembly (1217ms)
			LoadAssemblies (142ms)
			RebuildTransferFunctionScriptingTraits (0ms)
			SetupTypeCache (473ms)
			ReleaseScriptCaches (1ms)
			RebuildScriptCaches (56ms)
			SetupLoadedEditorAssemblies (425ms)
				LogAssemblyErrors (0ms)
				InitializePlatformSupportModulesInManaged (7ms)
				SetLoadedEditorAssemblies (1ms)
				RefreshPlugins (1ms)
				BeforeProcessingInitializeOnLoad (120ms)
				ProcessInitializeOnLoadAttributes (271ms)
				ProcessInitializeOnLoadMethodAttributes (14ms)
				AfterProcessingInitializeOnLoad (12ms)
				EditorAssembliesLoaded (0ms)
			ExecutionOrderSort2 (0ms)
			AwakeInstancesAfterBackupRestoration (11ms)
Platform modules already initialized, skipping
Refreshing native plugins compatible for Editor in 0.43 ms, found 2 plugins.
Preloading 0 native plugins for Editor in 0.00 ms.
Unloading 1585 Unused Serialized files (Serialized files now loaded: 0)
System memory in use before: 106.3 MB.
System memory in use after: 106.4 MB.

Unloading 11 unused Assets to reduce memory usage. Loaded Objects now: 2147.
Total: 3.563300 ms (FindLiveObjects: 0.148800 ms CreateObjectMapping: 0.060900 ms MarkObjects: 3.330400 ms  DeleteObjects: 0.022100 ms)

AssetImportParameters requested are different than current active one (requested -> active):
  custom:framework-win-MediaFoundation: 216162199b28c13a410421893ffa2e32 -> 
  custom:video-decoder-ogg-theora: a1e56fd34408186e4bbccfd4996cb3dc -> 
  custom:container-muxer-webm: aa71ff27fc2769a1b78a27578f13a17b -> 
  custom:container-demuxer-webm: 4f35f7cbe854078d1ac9338744f61a02 -> 
  custom:container-demuxer-ogg: 62fdf1f143b41e24485cea50d1cbac27 -> 
  custom:video-encoder-webm-vp8: eb34c28f22e8b96e1ab97ce403110664 -> 
  custom:video-decoder-webm-vp8: 9c59270c3fd7afecdb556c50c9e8de78 -> 
  custom:audio-decoder-ogg-vorbis: bf7c407c2cedff20999df2af8eb42d56 -> 
  custom:audio-encoder-webm-vorbis: bf7c407c2cedff20999df2af8eb42d56 -> 
AssetImportWorkerClient::OnTransportError - code=2 error=End of file
